This is pdfTeX, Version 3.141592653-2.6-1.40.26 (TeX Live 2024) (preloaded format=pdflatex 2024.11.8)  27 DEC 2025 16:47
entering extended mode
 restricted \write18 enabled.
 %&-line parsing enabled.
**./implementation.tex
(./implementation.tex
LaTeX2e <2023-11-01> patch level 1
L3 programming layer <2024-02-20>
! Undefined control sequence.
l.1 \phantomsection
                   \label{top}
? 
! Undefined control sequence.
l.2 \phantomsection
                   \label{titlearea}
? 

! LaTeX Error: Environment longtable undefined.

See the LaTeX manual or LaTeX Companion for explanation.
Type  H <return>  for immediate help.
 ...                                              
                                                  
l.3 \begin{longtable}
                     []{@{}
? 

! LaTeX Error: Missing \begin{document}.

See the LaTeX manual or LaTeX Companion for explanation.
Type  H <return>  for immediate help.
 ...                                              
                                                  
l.3 \begin{longtable}[
                      ]{@{}
? 
Missing character: There is no [ in font nullfont!
Missing character: There is no ] in font nullfont!
Missing character: There is no @ in font nullfont!
Missing character: There is no > in font nullfont!
! Undefined control sequence.
l.4   >{\raggedright\arraybackslash
                                   }p{(\linewidth - 0\tabcolsep) * \real{1.0...

? 
Missing character: There is no p in font nullfont!
Missing character: There is no ( in font nullfont!
Missing character: There is no ) in font nullfont!
Missing character: There is no * in font nullfont!
! Undefined control sequence.
l.4 ...kslash}p{(\linewidth - 0\tabcolsep) * \real
                                                  {1.0000}}@{}}
? 
Missing character: There is no 1 in font nullfont!
Missing character: There is no . in font nullfont!
Missing character: There is no 0 in font nullfont!
Missing character: There is no 0 in font nullfont!
Missing character: There is no 0 in font nullfont!
Missing character: There is no 0 in font nullfont!
Missing character: There is no @ in font nullfont!
! Undefined control sequence.
l.5 \toprule
            \noalign{}
? 
! Misplaced \noalign.
l.5 \toprule\noalign
                    {}
? 
! Undefined control sequence.
l.6 \endhead
            
? 
! Undefined control sequence.
l.7 \bottomrule
               \noalign{}
? 
! Misplaced \noalign.
l.7 \bottomrule\noalign
                       {}
? 
! Undefined control sequence.
l.8 \endlastfoot
                
? 
! Undefined control sequence.
l.10 \phantomsection
                    \label{projectname}
? 
Missing character: There is no H in font nullfont!
Missing character: There is no i in font nullfont!
Missing character: There is no l in font nullfont!
Missing character: There is no b in font nullfont!
Missing character: There is no e in font nullfont!
Missing character: There is no r in font nullfont!
Missing character: There is no t in font nullfont!
Missing character: There is no R in font nullfont!
Missing character: There is no T in font nullfont!
Missing character: There is no r in font nullfont!
Missing character: There is no e in font nullfont!
Missing character: There is no e in font nullfont!
Missing character: There is no s in font nullfont!

! LaTeX Error: \begin{document} ended by \end{longtable}.

See the LaTeX manual or LaTeX Companion for explanation.
Type  H <return>  for immediate help.
 ...                                              
                                                  
l.13 \end{longtable}
                    
? 

Overfull \hbox (20.0pt too wide) in paragraph at lines 3--14
[]
 []

! Undefined control sequence.
l.15 \phantomsection
                    \label{main-nav}
? 
! Interruption.
<to be read again> 
                   \relax 
l.15 \phantomsection\label{main-nav}
                                    
? X
 
Here is how much of TeX's memory you used:
 21 strings out of 475567
 547 string characters out of 5777889
 1925187 words of memory out of 5000000
 22271 multiletter control sequences out of 15000+600000
 558069 words of font info for 36 fonts, out of 8000000 for 9000
 319 hyphenation exceptions out of 8191
 17i,2n,21p,105b,85s stack positions out of 10000i,1000n,20000p,200000b,200000s
No pages of output.
PDF statistics:
 0 PDF objects out of 1000 (max. 8388607)
 0 named destinations out of 1000 (max. 500000)
 1 words of extra memory for PDF output out of 10000 (max. 10000000)

