This is pdfTeX, Version 3.141592653-2.6-1.40.27 (TeX Live 2026/dev/Arch Linux) (preloaded format=pdflatex 2025.11.28)  28 DEC 2025 13:00
entering extended mode
 restricted \write18 enabled.
 %&-line parsing enabled.
**docs/latex/refman.tex
(./docs/latex/refman.tex
LaTeX2e <2024-11-01> patch level 2
L3 programming layer <2025-01-18>
(/usr/share/texmf-dist/tex/generic/iftex/iftex.sty
Package: iftex 2024/12/12 v1.0g TeX engine tests
)

! LaTeX Error: File `book.cls' not found.

Type X to quit or <RETURN> to proceed,
or enter new name. (Default extension: cls)

Enter file name: X

! Emergency stop.
<read *> 
         
l.17   \makeatletter
                    
*** (cannot \read from terminal in nonstop modes)

 
Here is how much of TeX's memory you used:
 99 strings out of 475171
 1530 string characters out of 5767094
 386848 words of memory out of 5000000
 23190 multiletter control sequences out of 15000+600000
 558837 words of font info for 36 fonts, out of 8000000 for 9000
 14 hyphenation exceptions out of 8191
 27i,0n,37p,127b,17s stack positions out of 10000i,1000n,20000p,200000b,200000s
!  ==> Fatal error occurred, no output PDF file produced!
