\BOOKMARK [0][-]{chapter.1}{\376\377\0001\000\040\000D\000i\000r\000e\000c\000t\000o\000r\000y\000\040\000H\000i\000e\000r\000a\000r\000c\000h\000y}{}% 1
\BOOKMARK [1][-]{section.1.1}{\376\377\0001\000.\0001\000\040\000D\000i\000r\000e\000c\000t\000o\000r\000i\000e\000s}{chapter.1}% 2
\BOOKMARK [0][-]{chapter.2}{\376\377\0002\000\040\000N\000a\000m\000e\000s\000p\000a\000c\000e\000\040\000I\000n\000d\000e\000x}{}% 3
\BOOKMARK [1][-]{section.2.1}{\376\377\0002\000.\0001\000\040\000N\000a\000m\000e\000s\000p\000a\000c\000e\000\040\000L\000i\000s\000t}{chapter.2}% 4
\BOOKMARK [0][-]{chapter.3}{\376\377\0003\000\040\000H\000i\000e\000r\000a\000r\000c\000h\000i\000c\000a\000l\000\040\000I\000n\000d\000e\000x}{}% 5
\BOOKMARK [1][-]{section.3.1}{\376\377\0003\000.\0001\000\040\000C\000l\000a\000s\000s\000\040\000H\000i\000e\000r\000a\000r\000c\000h\000y}{chapter.3}% 6
\BOOKMARK [0][-]{chapter.4}{\376\377\0004\000\040\000C\000l\000a\000s\000s\000\040\000I\000n\000d\000e\000x}{}% 7
\BOOKMARK [1][-]{section.4.1}{\376\377\0004\000.\0001\000\040\000C\000l\000a\000s\000s\000\040\000L\000i\000s\000t}{chapter.4}% 8
\BOOKMARK [0][-]{chapter.5}{\376\377\0005\000\040\000F\000i\000l\000e\000\040\000I\000n\000d\000e\000x}{}% 9
\BOOKMARK [1][-]{section.5.1}{\376\377\0005\000.\0001\000\040\000F\000i\000l\000e\000\040\000L\000i\000s\000t}{chapter.5}% 10
\BOOKMARK [0][-]{chapter.6}{\376\377\0006\000\040\000D\000i\000r\000e\000c\000t\000o\000r\000y\000\040\000D\000o\000c\000u\000m\000e\000n\000t\000a\000t\000i\000o\000n}{}% 11
\BOOKMARK [1][-]{section.6.1}{\376\377\0006\000.\0001\000\040\000s\000r\000c\000/\000r\000t\000r\000e\000e\000\040\000D\000i\000r\000e\000c\000t\000o\000r\000y\000\040\000R\000e\000f\000e\000r\000e\000n\000c\000e}{chapter.6}% 12
\BOOKMARK [1][-]{section.6.2}{\376\377\0006\000.\0002\000\040\000s\000r\000c\000/\000r\000t\000r\000e\000e\000\137\000h\000i\000l\000b\000e\000r\000t\000\040\000D\000i\000r\000e\000c\000t\000o\000r\000y\000\040\000R\000e\000f\000e\000r\000e\000n\000c\000e}{chapter.6}% 13
\BOOKMARK [1][-]{section.6.3}{\376\377\0006\000.\0003\000\040\000s\000r\000c\000\040\000D\000i\000r\000e\000c\000t\000o\000r\000y\000\040\000R\000e\000f\000e\000r\000e\000n\000c\000e}{chapter.6}% 14
\BOOKMARK [0][-]{chapter.7}{\376\377\0007\000\040\000N\000a\000m\000e\000s\000p\000a\000c\000e\000\040\000D\000o\000c\000u\000m\000e\000n\000t\000a\000t\000i\000o\000n}{}% 15
\BOOKMARK [1][-]{section.7.1}{\376\377\0007\000.\0001\000\040\000G\000u\000t\000m\000a\000n\000\040\000N\000a\000m\000e\000s\000p\000a\000c\000e\000\040\000R\000e\000f\000e\000r\000e\000n\000c\000e}{chapter.7}% 16
\BOOKMARK [2][-]{subsection.7.1.1}{\376\377\0007\000.\0001\000.\0001\000\040\000F\000u\000n\000c\000t\000i\000o\000n\000\040\000D\000o\000c\000u\000m\000e\000n\000t\000a\000t\000i\000o\000n}{section.7.1}% 17
\BOOKMARK [3][-]{subsubsection.7.1.1.1}{\376\377\0007\000.\0001\000.\0001\000.\0001\000\040\000e\000q\000u\000a\000l\000\050\000\051}{subsection.7.1.1}% 18
\BOOKMARK [1][-]{section.7.2}{\376\377\0007\000.\0002\000\040\000h\000i\000l\000b\000e\000r\000t\000\040\000N\000a\000m\000e\000s\000p\000a\000c\000e\000\040\000R\000e\000f\000e\000r\000e\000n\000c\000e}{chapter.7}% 19
\BOOKMARK [2][-]{subsection.7.2.1}{\376\377\0007\000.\0002\000.\0001\000\040\000T\000y\000p\000e\000d\000e\000f\000\040\000D\000o\000c\000u\000m\000e\000n\000t\000a\000t\000i\000o\000n}{section.7.2}% 20
\BOOKMARK [3][-]{subsubsection.7.2.1.1}{\376\377\0007\000.\0002\000.\0001\000.\0001\000\040\000E\000n\000t\000r\000y\000S\000e\000t}{subsection.7.2.1}% 21
\BOOKMARK [2][-]{subsection.7.2.2}{\376\377\0007\000.\0002\000.\0002\000\040\000V\000a\000r\000i\000a\000b\000l\000e\000\040\000D\000o\000c\000u\000m\000e\000n\000t\000a\000t\000i\000o\000n}{section.7.2}% 22
\BOOKMARK [3][-]{subsubsection.7.2.2.1}{\376\377\0007\000.\0002\000.\0002\000.\0001\000\040\000n\000o\000t\000\137\000i\000m\000p\000l\000e\000m\000e\000n\000t\000e\000d}{subsection.7.2.2}% 23
\BOOKMARK [0][-]{chapter.8}{\376\377\0008\000\040\000C\000l\000a\000s\000s\000\040\000D\000o\000c\000u\000m\000e\000n\000t\000a\000t\000i\000o\000n}{}% 24
\BOOKMARK [1][-]{section.8.1}{\376\377\0008\000.\0001\000\040\000B\000o\000x\000\040\000C\000l\000a\000s\000s\000\040\000R\000e\000f\000e\000r\000e\000n\000c\000e}{chapter.8}% 25
\BOOKMARK [2][-]{subsection.8.1.1}{\376\377\0008\000.\0001\000.\0001\000\040\000D\000e\000t\000a\000i\000l\000e\000d\000\040\000D\000e\000s\000c\000r\000i\000p\000t\000i\000o\000n}{section.8.1}% 26
\BOOKMARK [2][-]{subsection.8.1.2}{\376\377\0008\000.\0001\000.\0002\000\040\000C\000o\000n\000s\000t\000r\000u\000c\000t\000o\000r\000\040\000\046\000\040\000D\000e\000s\000t\000r\000u\000c\000t\000o\000r\000\040\000D\000o\000c\000u\000m\000e\000n\000t\000a\000t\000i\000o\000n}{section.8.1}% 27
\BOOKMARK [3][-]{subsubsection.8.1.2.1}{\376\377\0008\000.\0001\000.\0002\000.\0001\000\040\000B\000o\000x\000\050\000\051}{subsection.8.1.2}% 28
\BOOKMARK [2][-]{subsection.8.1.3}{\376\377\0008\000.\0001\000.\0003\000\040\000M\000e\000m\000b\000e\000r\000\040\000F\000u\000n\000c\000t\000i\000o\000n\000\040\000D\000o\000c\000u\000m\000e\000n\000t\000a\000t\000i\000o\000n}{section.8.1}% 29
\BOOKMARK [3][-]{subsubsection.8.1.3.1}{\376\377\0008\000.\0001\000.\0003\000.\0001\000\040\000c\000o\000n\000t\000a\000i\000n\000s\000\050\000\051}{subsection.8.1.3}% 30
\BOOKMARK [3][-]{subsubsection.8.1.3.2}{\376\377\0008\000.\0001\000.\0003\000.\0002\000\040\000v\000i\000s\000i\000t\000\137\000p\000e\000r\000i\000m\000i\000t\000e\000r\000\050\000\051}{subsection.8.1.3}% 31
\BOOKMARK [1][-]{section.8.2}{\376\377\0008\000.\0002\000\040\000H\000i\000l\000b\000e\000r\000t\000C\000u\000r\000v\000e\000\040\000C\000l\000a\000s\000s\000\040\000R\000e\000f\000e\000r\000e\000n\000c\000e}{chapter.8}% 32
\BOOKMARK [2][-]{subsection.8.2.1}{\376\377\0008\000.\0002\000.\0001\000\040\000D\000e\000t\000a\000i\000l\000e\000d\000\040\000D\000e\000s\000c\000r\000i\000p\000t\000i\000o\000n}{section.8.2}% 33
\BOOKMARK [2][-]{subsection.8.2.2}{\376\377\0008\000.\0002\000.\0002\000\040\000C\000o\000n\000s\000t\000r\000u\000c\000t\000o\000r\000\040\000\046\000\040\000D\000e\000s\000t\000r\000u\000c\000t\000o\000r\000\040\000D\000o\000c\000u\000m\000e\000n\000t\000a\000t\000i\000o\000n}{section.8.2}% 34
\BOOKMARK [3][-]{subsubsection.8.2.2.1}{\376\377\0008\000.\0002\000.\0002\000.\0001\000\040\000H\000i\000l\000b\000e\000r\000t\000C\000u\000r\000v\000e\000\050\000\051}{subsection.8.2.2}% 35
\BOOKMARK [2][-]{subsection.8.2.3}{\376\377\0008\000.\0002\000.\0003\000\040\000M\000e\000m\000b\000e\000r\000\040\000F\000u\000n\000c\000t\000i\000o\000n\000\040\000D\000o\000c\000u\000m\000e\000n\000t\000a\000t\000i\000o\000n}{section.8.2}% 36
\BOOKMARK [3][-]{subsubsection.8.2.3.1}{\376\377\0008\000.\0002\000.\0003\000.\0001\000\040\000g\000e\000t\000\137\000b\000i\000t\000s\000\050\000\051}{subsection.8.2.3}% 37
\BOOKMARK [3][-]{subsubsection.8.2.3.2}{\376\377\0008\000.\0002\000.\0003\000.\0002\000\040\000g\000e\000t\000\137\000d\000i\000m\000\050\000\051}{subsection.8.2.3}% 38
\BOOKMARK [3][-]{subsubsection.8.2.3.3}{\376\377\0008\000.\0002\000.\0003\000.\0003\000\040\000g\000e\000t\000\137\000l\000e\000n\000g\000t\000h\000\050\000\051}{subsection.8.2.3}% 39
\BOOKMARK [3][-]{subsubsection.8.2.3.4}{\376\377\0008\000.\0002\000.\0003\000.\0004\000\040\000i\000n\000d\000e\000x\000\050\000\051}{subsection.8.2.3}% 40
\BOOKMARK [3][-]{subsubsection.8.2.3.5}{\376\377\0008\000.\0002\000.\0003\000.\0005\000\040\000m\000a\000x\000\137\000i\000n\000d\000e\000x\000\050\000\051}{subsection.8.2.3}% 41
\BOOKMARK [3][-]{subsubsection.8.2.3.6}{\376\377\0008\000.\0002\000.\0003\000.\0006\000\040\000m\000a\000x\000\137\000o\000r\000d\000i\000n\000a\000t\000e\000\050\000\051}{subsection.8.2.3}% 42
\BOOKMARK [3][-]{subsubsection.8.2.3.7}{\376\377\0008\000.\0002\000.\0003\000.\0007\000\040\000p\000o\000i\000n\000t\000\050\000\051\000\040\000[\0001\000/\0002\000]}{subsection.8.2.3}% 43
\BOOKMARK [3][-]{subsubsection.8.2.3.8}{\376\377\0008\000.\0002\000.\0003\000.\0008\000\040\000p\000o\000i\000n\000t\000\050\000\051\000\040\000[\0002\000/\0002\000]}{subsection.8.2.3}% 44
\BOOKMARK [3][-]{subsubsection.8.2.3.9}{\376\377\0008\000.\0002\000.\0003\000.\0009\000\040\000q\000u\000e\000r\000y\000\050\000\051}{subsection.8.2.3}% 45
\BOOKMARK [3][-]{subsubsection.8.2.3.10}{\376\377\0008\000.\0002\000.\0003\000.\0001\0000\000\040\000t\000o\000\137\000i\000n\000d\000e\000x\000\050\000\051}{subsection.8.2.3}% 46
\BOOKMARK [3][-]{subsubsection.8.2.3.11}{\376\377\0008\000.\0002\000.\0003\000.\0001\0001\000\040\000t\000r\000a\000n\000s\000p\000o\000s\000e\000\050\000\051\000\040\000[\0001\000/\0002\000]}{subsection.8.2.3}% 47
\BOOKMARK [3][-]{subsubsection.8.2.3.12}{\376\377\0008\000.\0002\000.\0003\000.\0001\0002\000\040\000t\000r\000a\000n\000s\000p\000o\000s\000e\000\050\000\051\000\040\000[\0002\000/\0002\000]}{subsection.8.2.3}% 48
\BOOKMARK [3][-]{subsubsection.8.2.3.13}{\376\377\0008\000.\0002\000.\0003\000.\0001\0003\000\040\000t\000r\000a\000n\000s\000p\000o\000s\000e\000d\000\137\000i\000n\000d\000e\000x\000\050\000\051}{subsection.8.2.3}% 49
\BOOKMARK [3][-]{subsubsection.8.2.3.14}{\376\377\0008\000.\0002\000.\0003\000.\0001\0004\000\040\000t\000r\000a\000n\000s\000p\000o\000s\000e\000d\000\137\000i\000n\000d\000e\000x\000\137\000t\000o\000\137\000p\000o\000i\000n\000t\000\050\000\051}{subsection.8.2.3}% 50
\BOOKMARK [1][-]{section.8.3}{\376\377\0008\000.\0003\000\040\000h\000i\000l\000b\000e\000r\000t\000:\000:\000I\000n\000n\000e\000r\000N\000o\000d\000e\000<\000\040\000T\000\040\000>\000\040\000S\000t\000r\000u\000c\000t\000\040\000T\000e\000m\000p\000l\000a\000t\000e\000\040\000R\000e\000f\000e\000r\000e\000n\000c\000e}{chapter.8}% 51
\BOOKMARK [2][-]{subsection.8.3.1}{\376\377\0008\000.\0003\000.\0001\000\040\000D\000e\000t\000a\000i\000l\000e\000d\000\040\000D\000e\000s\000c\000r\000i\000p\000t\000i\000o\000n}{section.8.3}% 52
\BOOKMARK [2][-]{subsection.8.3.2}{\376\377\0008\000.\0003\000.\0002\000\040\000C\000o\000n\000s\000t\000r\000u\000c\000t\000o\000r\000\040\000\046\000\040\000D\000e\000s\000t\000r\000u\000c\000t\000o\000r\000\040\000D\000o\000c\000u\000m\000e\000n\000t\000a\000t\000i\000o\000n}{section.8.3}% 53
\BOOKMARK [3][-]{subsubsection.8.3.2.1}{\376\377\0008\000.\0003\000.\0002\000.\0001\000\040\000I\000n\000n\000e\000r\000N\000o\000d\000e\000\050\000\051}{subsection.8.3.2}% 54
\BOOKMARK [2][-]{subsection.8.3.3}{\376\377\0008\000.\0003\000.\0003\000\040\000M\000e\000m\000b\000e\000r\000\040\000F\000u\000n\000c\000t\000i\000o\000n\000\040\000D\000o\000c\000u\000m\000e\000n\000t\000a\000t\000i\000o\000n}{section.8.3}% 55
\BOOKMARK [3][-]{subsubsection.8.3.3.1}{\376\377\0008\000.\0003\000.\0003\000.\0001\000\040\000g\000e\000t\000\137\000l\000h\000v\000\050\000\051}{subsection.8.3.3}% 56
\BOOKMARK [3][-]{subsubsection.8.3.3.2}{\376\377\0008\000.\0003\000.\0003\000.\0002\000\040\000g\000e\000t\000\137\000m\000b\000r\000\050\000\051}{subsection.8.3.3}% 57
\BOOKMARK [3][-]{subsubsection.8.3.3.3}{\376\377\0008\000.\0003\000.\0003\000.\0003\000\040\000g\000e\000t\000\137\000n\000o\000d\000e\000\050\000\051}{subsection.8.3.3}% 58
\BOOKMARK [3][-]{subsubsection.8.3.3.4}{\376\377\0008\000.\0003\000.\0003\000.\0004\000\040\000i\000s\000\137\000l\000e\000a\000f\000\050\000\051}{subsection.8.3.3}% 59
\BOOKMARK [2][-]{subsection.8.3.4}{\376\377\0008\000.\0003\000.\0004\000\040\000M\000e\000m\000b\000e\000r\000\040\000D\000a\000t\000a\000\040\000D\000o\000c\000u\000m\000e\000n\000t\000a\000t\000i\000o\000n}{section.8.3}% 60
\BOOKMARK [3][-]{subsubsection.8.3.4.1}{\376\377\0008\000.\0003\000.\0004\000.\0001\000\040\000n\000o\000d\000e}{subsection.8.3.4}% 61
\BOOKMARK [1][-]{section.8.4}{\376\377\0008\000.\0004\000\040\000h\000i\000l\000b\000e\000r\000t\000:\000:\000L\000e\000a\000f\000E\000n\000t\000r\000y\000<\000\040\000T\000\040\000>\000\040\000S\000t\000r\000u\000c\000t\000\040\000T\000e\000m\000p\000l\000a\000t\000e\000\040\000R\000e\000f\000e\000r\000e\000n\000c\000e}{chapter.8}% 62
\BOOKMARK [2][-]{subsection.8.4.1}{\376\377\0008\000.\0004\000.\0001\000\040\000D\000e\000t\000a\000i\000l\000e\000d\000\040\000D\000e\000s\000c\000r\000i\000p\000t\000i\000o\000n}{section.8.4}% 63
\BOOKMARK [2][-]{subsection.8.4.2}{\376\377\0008\000.\0004\000.\0002\000\040\000C\000o\000n\000s\000t\000r\000u\000c\000t\000o\000r\000\040\000\046\000\040\000D\000e\000s\000t\000r\000u\000c\000t\000o\000r\000\040\000D\000o\000c\000u\000m\000e\000n\000t\000a\000t\000i\000o\000n}{section.8.4}% 64
\BOOKMARK [3][-]{subsubsection.8.4.2.1}{\376\377\0008\000.\0004\000.\0002\000.\0001\000\040\000L\000e\000a\000f\000E\000n\000t\000r\000y\000\050\000\051}{subsection.8.4.2}% 65
\BOOKMARK [2][-]{subsection.8.4.3}{\376\377\0008\000.\0004\000.\0003\000\040\000M\000e\000m\000b\000e\000r\000\040\000F\000u\000n\000c\000t\000i\000o\000n\000\040\000D\000o\000c\000u\000m\000e\000n\000t\000a\000t\000i\000o\000n}{section.8.4}% 66
\BOOKMARK [3][-]{subsubsection.8.4.3.1}{\376\377\0008\000.\0004\000.\0003\000.\0001\000\040\000g\000e\000t\000\137\000l\000h\000v\000\050\000\051}{subsection.8.4.3}% 67
\BOOKMARK [3][-]{subsubsection.8.4.3.2}{\376\377\0008\000.\0004\000.\0003\000.\0002\000\040\000g\000e\000t\000\137\000m\000b\000r\000\050\000\051}{subsection.8.4.3}% 68
\BOOKMARK [3][-]{subsubsection.8.4.3.3}{\376\377\0008\000.\0004\000.\0003\000.\0003\000\040\000i\000s\000\137\000l\000e\000a\000f\000\050\000\051}{subsection.8.4.3}% 69
\BOOKMARK [2][-]{subsection.8.4.4}{\376\377\0008\000.\0004\000.\0004\000\040\000M\000e\000m\000b\000e\000r\000\040\000D\000a\000t\000a\000\040\000D\000o\000c\000u\000m\000e\000n\000t\000a\000t\000i\000o\000n}{section.8.4}% 70
\BOOKMARK [3][-]{subsubsection.8.4.4.1}{\376\377\0008\000.\0004\000.\0004\000.\0001\000\040\000e\000l\000e\000m}{subsection.8.4.4}% 71
\BOOKMARK [3][-]{subsubsection.8.4.4.2}{\376\377\0008\000.\0004\000.\0004\000.\0002\000\040\000l\000h\000v}{subsection.8.4.4}% 72
\BOOKMARK [3][-]{subsubsection.8.4.4.3}{\376\377\0008\000.\0004\000.\0004\000.\0003\000\040\000m\000b\000r}{subsection.8.4.4}% 73
\BOOKMARK [1][-]{section.8.5}{\376\377\0008\000.\0005\000\040\000G\000u\000t\000m\000a\000n\000:\000:\000N\000o\000d\000e\000<\000\040\000T\000\040\000>\000\040\000S\000t\000r\000u\000c\000t\000\040\000T\000e\000m\000p\000l\000a\000t\000e\000\040\000R\000e\000f\000e\000r\000e\000n\000c\000e}{chapter.8}% 74
\BOOKMARK [2][-]{subsection.8.5.1}{\376\377\0008\000.\0005\000.\0001\000\040\000D\000e\000t\000a\000i\000l\000e\000d\000\040\000D\000e\000s\000c\000r\000i\000p\000t\000i\000o\000n}{section.8.5}% 75
\BOOKMARK [2][-]{subsection.8.5.2}{\376\377\0008\000.\0005\000.\0002\000\040\000C\000o\000n\000s\000t\000r\000u\000c\000t\000o\000r\000\040\000\046\000\040\000D\000e\000s\000t\000r\000u\000c\000t\000o\000r\000\040\000D\000o\000c\000u\000m\000e\000n\000t\000a\000t\000i\000o\000n}{section.8.5}% 76
\BOOKMARK [3][-]{subsubsection.8.5.2.1}{\376\377\0008\000.\0005\000.\0002\000.\0001\000\040\000N\000o\000d\000e\000\050\000\051}{subsection.8.5.2}% 77
\BOOKMARK [3][-]{subsubsection.8.5.2.2}{\376\377\0008\000.\0005\000.\0002\000.\0002\000\040\000~\000N\000o\000d\000e\000\050\000\051}{subsection.8.5.2}% 78
\BOOKMARK [2][-]{subsection.8.5.3}{\376\377\0008\000.\0005\000.\0003\000\040\000M\000e\000m\000b\000e\000r\000\040\000F\000u\000n\000c\000t\000i\000o\000n\000\040\000D\000o\000c\000u\000m\000e\000n\000t\000a\000t\000i\000o\000n}{section.8.5}% 79
\BOOKMARK [3][-]{subsubsection.8.5.3.1}{\376\377\0008\000.\0005\000.\0003\000.\0001\000\040\000c\000o\000u\000n\000t\000\050\000\051}{subsection.8.5.3}% 80
\BOOKMARK [3][-]{subsubsection.8.5.3.2}{\376\377\0008\000.\0005\000.\0003\000.\0002\000\040\000u\000p\000d\000a\000t\000e\000\137\000m\000b\000r\000\050\000\051}{subsection.8.5.3}% 81
\BOOKMARK [2][-]{subsection.8.5.4}{\376\377\0008\000.\0005\000.\0004\000\040\000M\000e\000m\000b\000e\000r\000\040\000D\000a\000t\000a\000\040\000D\000o\000c\000u\000m\000e\000n\000t\000a\000t\000i\000o\000n}{section.8.5}% 82
\BOOKMARK [3][-]{subsubsection.8.5.4.1}{\376\377\0008\000.\0005\000.\0004\000.\0001\000\040\000c\000h\000i\000l\000d\000r\000e\000n}{subsection.8.5.4}% 83
\BOOKMARK [3][-]{subsubsection.8.5.4.2}{\376\377\0008\000.\0005\000.\0004\000.\0002\000\040\000e\000l\000e\000m\000s}{subsection.8.5.4}% 84
\BOOKMARK [3][-]{subsubsection.8.5.4.3}{\376\377\0008\000.\0005\000.\0004\000.\0003\000\040\000i\000s\000\137\000l\000e\000a\000f}{subsection.8.5.4}% 85
\BOOKMARK [3][-]{subsubsection.8.5.4.4}{\376\377\0008\000.\0005\000.\0004\000.\0004\000\040\000m\000b\000r}{subsection.8.5.4}% 86
\BOOKMARK [3][-]{subsubsection.8.5.4.5}{\376\377\0008\000.\0005\000.\0004\000.\0005\000\040\000p\000a\000r\000e\000n\000t}{subsection.8.5.4}% 87
\BOOKMARK [1][-]{section.8.6}{\376\377\0008\000.\0006\000\040\000h\000i\000l\000b\000e\000r\000t\000:\000:\000N\000o\000d\000e\000<\000\040\000T\000\040\000>\000\040\000S\000t\000r\000u\000c\000t\000\040\000T\000e\000m\000p\000l\000a\000t\000e\000\040\000R\000e\000f\000e\000r\000e\000n\000c\000e}{chapter.8}% 88
\BOOKMARK [2][-]{subsection.8.6.1}{\376\377\0008\000.\0006\000.\0001\000\040\000D\000e\000t\000a\000i\000l\000e\000d\000\040\000D\000e\000s\000c\000r\000i\000p\000t\000i\000o\000n}{section.8.6}% 89
\BOOKMARK [2][-]{subsection.8.6.2}{\376\377\0008\000.\0006\000.\0002\000\040\000C\000o\000n\000s\000t\000r\000u\000c\000t\000o\000r\000\040\000\046\000\040\000D\000e\000s\000t\000r\000u\000c\000t\000o\000r\000\040\000D\000o\000c\000u\000m\000e\000n\000t\000a\000t\000i\000o\000n}{section.8.6}% 90
\BOOKMARK [3][-]{subsubsection.8.6.2.1}{\376\377\0008\000.\0006\000.\0002\000.\0001\000\040\000N\000o\000d\000e\000\050\000\051}{subsection.8.6.2}% 91
\BOOKMARK [3][-]{subsubsection.8.6.2.2}{\376\377\0008\000.\0006\000.\0002\000.\0002\000\040\000~\000N\000o\000d\000e\000\050\000\051}{subsection.8.6.2}% 92
\BOOKMARK [2][-]{subsection.8.6.3}{\376\377\0008\000.\0006\000.\0003\000\040\000M\000e\000m\000b\000e\000r\000\040\000F\000u\000n\000c\000t\000i\000o\000n\000\040\000D\000o\000c\000u\000m\000e\000n\000t\000a\000t\000i\000o\000n}{section.8.6}% 93
\BOOKMARK [3][-]{subsubsection.8.6.3.1}{\376\377\0008\000.\0006\000.\0003\000.\0001\000\040\000a\000d\000j\000u\000s\000t\000\137\000l\000h\000v\000\050\000\051}{subsection.8.6.3}% 94
\BOOKMARK [3][-]{subsubsection.8.6.3.2}{\376\377\0008\000.\0006\000.\0003\000.\0002\000\040\000a\000d\000j\000u\000s\000t\000\137\000m\000b\000r\000\050\000\051}{subsection.8.6.3}% 95
\BOOKMARK [3][-]{subsubsection.8.6.3.3}{\376\377\0008\000.\0006\000.\0003\000.\0003\000\040\000g\000e\000t\000\137\000e\000n\000t\000r\000i\000e\000s\000\050\000\051}{subsection.8.6.3}% 96
\BOOKMARK [3][-]{subsubsection.8.6.3.4}{\376\377\0008\000.\0006\000.\0003\000.\0004\000\040\000g\000e\000t\000\137\000l\000h\000v\000\050\000\051}{subsection.8.6.3}% 97
\BOOKMARK [3][-]{subsubsection.8.6.3.5}{\376\377\0008\000.\0006\000.\0003\000.\0005\000\040\000g\000e\000t\000\137\000m\000b\000r\000\050\000\051}{subsection.8.6.3}% 98
\BOOKMARK [3][-]{subsubsection.8.6.3.6}{\376\377\0008\000.\0006\000.\0003\000.\0006\000\040\000g\000e\000t\000\137\000n\000e\000x\000t\000\137\000s\000i\000b\000l\000i\000n\000g\000s\000\050\000\051}{subsection.8.6.3}% 99
\BOOKMARK [3][-]{subsubsection.8.6.3.7}{\376\377\0008\000.\0006\000.\0003\000.\0007\000\040\000g\000e\000t\000\137\000p\000a\000r\000e\000n\000t\000\050\000\051}{subsection.8.6.3}% 100
\BOOKMARK [3][-]{subsubsection.8.6.3.8}{\376\377\0008\000.\0006\000.\0003\000.\0008\000\040\000g\000e\000t\000\137\000p\000r\000e\000v\000\137\000s\000i\000b\000l\000i\000n\000g\000s\000\050\000\051}{subsection.8.6.3}% 101
\BOOKMARK [3][-]{subsubsection.8.6.3.9}{\376\377\0008\000.\0006\000.\0003\000.\0009\000\040\000g\000e\000t\000\137\000s\000i\000b\000l\000i\000n\000g\000s\000\050\000\051}{subsection.8.6.3}% 102
\BOOKMARK [3][-]{subsubsection.8.6.3.10}{\376\377\0008\000.\0006\000.\0003\000.\0001\0000\000\040\000i\000n\000s\000e\000r\000t\000\137\000i\000n\000n\000e\000r\000\137\000e\000n\000t\000r\000y\000\050\000\051}{subsection.8.6.3}% 103
\BOOKMARK [3][-]{subsubsection.8.6.3.11}{\376\377\0008\000.\0006\000.\0003\000.\0001\0001\000\040\000i\000n\000s\000e\000r\000t\000\137\000l\000e\000a\000f\000\137\000e\000n\000t\000r\000y\000\050\000\051}{subsection.8.6.3}% 104
\BOOKMARK [3][-]{subsubsection.8.6.3.12}{\376\377\0008\000.\0006\000.\0003\000.\0001\0002\000\040\000i\000s\000\137\000l\000e\000a\000f\000\050\000\051}{subsection.8.6.3}% 105
\BOOKMARK [3][-]{subsubsection.8.6.3.13}{\376\377\0008\000.\0006\000.\0003\000.\0001\0003\000\040\000o\000v\000e\000r\000f\000l\000o\000w\000\050\000\051}{subsection.8.6.3}% 106
\BOOKMARK [3][-]{subsubsection.8.6.3.14}{\376\377\0008\000.\0006\000.\0003\000.\0001\0004\000\040\000r\000e\000m\000o\000v\000e\000\137\000i\000n\000n\000e\000r\000\137\000e\000n\000t\000r\000y\000\050\000\051}{subsection.8.6.3}% 107
\BOOKMARK [3][-]{subsubsection.8.6.3.15}{\376\377\0008\000.\0006\000.\0003\000.\0001\0005\000\040\000r\000e\000m\000o\000v\000e\000\137\000l\000e\000a\000f\000\137\000e\000n\000t\000r\000y\000\050\000\051}{subsection.8.6.3}% 108
\BOOKMARK [3][-]{subsubsection.8.6.3.16}{\376\377\0008\000.\0006\000.\0003\000.\0001\0006\000\040\000r\000e\000s\000e\000t\000\137\000e\000n\000t\000r\000i\000e\000s\000\050\000\051}{subsection.8.6.3}% 109
\BOOKMARK [3][-]{subsubsection.8.6.3.17}{\376\377\0008\000.\0006\000.\0003\000.\0001\0007\000\040\000s\000e\000t\000\137\000l\000e\000a\000f\000\050\000\051}{subsection.8.6.3}% 110
\BOOKMARK [3][-]{subsubsection.8.6.3.18}{\376\377\0008\000.\0006\000.\0003\000.\0001\0008\000\040\000s\000e\000t\000\137\000n\000e\000x\000t\000\137\000s\000i\000b\000l\000i\000n\000g\000s\000\050\000\051}{subsection.8.6.3}% 111
\BOOKMARK [3][-]{subsubsection.8.6.3.19}{\376\377\0008\000.\0006\000.\0003\000.\0001\0009\000\040\000s\000e\000t\000\137\000p\000a\000r\000e\000n\000t\000\050\000\051}{subsection.8.6.3}% 112
\BOOKMARK [3][-]{subsubsection.8.6.3.20}{\376\377\0008\000.\0006\000.\0003\000.\0002\0000\000\040\000s\000e\000t\000\137\000p\000r\000e\000v\000\137\000s\000i\000b\000l\000i\000n\000g\000s\000\050\000\051}{subsection.8.6.3}% 113
\BOOKMARK [3][-]{subsubsection.8.6.3.21}{\376\377\0008\000.\0006\000.\0003\000.\0002\0001\000\040\000u\000n\000d\000e\000r\000f\000l\000o\000w\000\050\000\051}{subsection.8.6.3}% 114
\BOOKMARK [2][-]{subsection.8.6.4}{\376\377\0008\000.\0006\000.\0004\000\040\000M\000e\000m\000b\000e\000r\000\040\000D\000a\000t\000a\000\040\000D\000o\000c\000u\000m\000e\000n\000t\000a\000t\000i\000o\000n}{section.8.6}% 115
\BOOKMARK [3][-]{subsubsection.8.6.4.1}{\376\377\0008\000.\0006\000.\0004\000.\0001\000\040\000c\000u\000r\000v\000e}{subsection.8.6.4}% 116
\BOOKMARK [3][-]{subsubsection.8.6.4.2}{\376\377\0008\000.\0006\000.\0004\000.\0002\000\040\000d\000i\000m\000s}{subsection.8.6.4}% 117
\BOOKMARK [3][-]{subsubsection.8.6.4.3}{\376\377\0008\000.\0006\000.\0004\000.\0003\000\040\000e\000n\000t\000r\000i\000e\000s}{subsection.8.6.4}% 118
\BOOKMARK [3][-]{subsubsection.8.6.4.4}{\376\377\0008\000.\0006\000.\0004\000.\0004\000\040\000l\000e\000a\000f}{subsection.8.6.4}% 119
\BOOKMARK [3][-]{subsubsection.8.6.4.5}{\376\377\0008\000.\0006\000.\0004\000.\0005\000\040\000l\000h\000v}{subsection.8.6.4}% 120
\BOOKMARK [3][-]{subsubsection.8.6.4.6}{\376\377\0008\000.\0006\000.\0004\000.\0006\000\040\000m\000a\000x\000\137\000e\000n\000t\000r\000i\000e\000s}{subsection.8.6.4}% 121
\BOOKMARK [3][-]{subsubsection.8.6.4.7}{\376\377\0008\000.\0006\000.\0004\000.\0007\000\040\000m\000b\000r}{subsection.8.6.4}% 122
\BOOKMARK [3][-]{subsubsection.8.6.4.8}{\376\377\0008\000.\0006\000.\0004\000.\0008\000\040\000m\000i\000n\000\137\000e\000n\000t\000r\000i\000e\000s}{subsection.8.6.4}% 123
\BOOKMARK [3][-]{subsubsection.8.6.4.9}{\376\377\0008\000.\0006\000.\0004\000.\0009\000\040\000n\000e\000x\000t\000\137\000s\000i\000b\000l\000i\000n\000g}{subsection.8.6.4}% 124
\BOOKMARK [3][-]{subsubsection.8.6.4.10}{\376\377\0008\000.\0006\000.\0004\000.\0001\0000\000\040\000p\000a\000r\000e\000n\000t}{subsection.8.6.4}% 125
\BOOKMARK [3][-]{subsubsection.8.6.4.11}{\376\377\0008\000.\0006\000.\0004\000.\0001\0001\000\040\000p\000r\000e\000v\000\137\000s\000i\000b\000l\000i\000n\000g}{subsection.8.6.4}% 126
\BOOKMARK [1][-]{section.8.7}{\376\377\0008\000.\0007\000\040\000h\000i\000l\000b\000e\000r\000t\000:\000:\000N\000o\000d\000e\000E\000n\000t\000r\000y\000<\000\040\000T\000\040\000>\000\040\000S\000t\000r\000u\000c\000t\000\040\000T\000e\000m\000p\000l\000a\000t\000e\000\040\000R\000e\000f\000e\000r\000e\000n\000c\000e}{chapter.8}% 127
\BOOKMARK [2][-]{subsection.8.7.1}{\376\377\0008\000.\0007\000.\0001\000\040\000D\000e\000t\000a\000i\000l\000e\000d\000\040\000D\000e\000s\000c\000r\000i\000p\000t\000i\000o\000n}{section.8.7}% 128
\BOOKMARK [2][-]{subsection.8.7.2}{\376\377\0008\000.\0007\000.\0002\000\040\000C\000o\000n\000s\000t\000r\000u\000c\000t\000o\000r\000\040\000\046\000\040\000D\000e\000s\000t\000r\000u\000c\000t\000o\000r\000\040\000D\000o\000c\000u\000m\000e\000n\000t\000a\000t\000i\000o\000n}{section.8.7}% 129
\BOOKMARK [3][-]{subsubsection.8.7.2.1}{\376\377\0008\000.\0007\000.\0002\000.\0001\000\040\000~\000N\000o\000d\000e\000E\000n\000t\000r\000y\000\050\000\051}{subsection.8.7.2}% 130
\BOOKMARK [2][-]{subsection.8.7.3}{\376\377\0008\000.\0007\000.\0003\000\040\000M\000e\000m\000b\000e\000r\000\040\000F\000u\000n\000c\000t\000i\000o\000n\000\040\000D\000o\000c\000u\000m\000e\000n\000t\000a\000t\000i\000o\000n}{section.8.7}% 131
\BOOKMARK [3][-]{subsubsection.8.7.3.1}{\376\377\0008\000.\0007\000.\0003\000.\0001\000\040\000g\000e\000t\000\137\000l\000h\000v\000\050\000\051}{subsection.8.7.3}% 132
\BOOKMARK [3][-]{subsubsection.8.7.3.2}{\376\377\0008\000.\0007\000.\0003\000.\0002\000\040\000g\000e\000t\000\137\000m\000b\000r\000\050\000\051}{subsection.8.7.3}% 133
\BOOKMARK [3][-]{subsubsection.8.7.3.3}{\376\377\0008\000.\0007\000.\0003\000.\0003\000\040\000i\000s\000\137\000l\000e\000a\000f\000\050\000\051}{subsection.8.7.3}% 134
\BOOKMARK [1][-]{section.8.8}{\376\377\0008\000.\0008\000\040\000h\000i\000l\000b\000e\000r\000t\000:\000:\000n\000o\000d\000e\000E\000n\000t\000r\000y\000C\000o\000m\000p\000a\000r\000i\000s\000o\000n\000<\000\040\000T\000\040\000>\000\040\000S\000t\000r\000u\000c\000t\000\040\000T\000e\000m\000p\000l\000a\000t\000e\000\040\000R\000e\000f\000e\000r\000e\000n\000c\000e}{chapter.8}% 135
\BOOKMARK [2][-]{subsection.8.8.1}{\376\377\0008\000.\0008\000.\0001\000\040\000D\000e\000t\000a\000i\000l\000e\000d\000\040\000D\000e\000s\000c\000r\000i\000p\000t\000i\000o\000n}{section.8.8}% 136
\BOOKMARK [2][-]{subsection.8.8.2}{\376\377\0008\000.\0008\000.\0002\000\040\000M\000e\000m\000b\000e\000r\000\040\000F\000u\000n\000c\000t\000i\000o\000n\000\040\000D\000o\000c\000u\000m\000e\000n\000t\000a\000t\000i\000o\000n}{section.8.8}% 137
\BOOKMARK [3][-]{subsubsection.8.8.2.1}{\376\377\0008\000.\0008\000.\0002\000.\0001\000\040\000o\000p\000e\000r\000a\000t\000o\000r\000\050\000\051\000\050\000\051}{subsection.8.8.2}% 138
\BOOKMARK [1][-]{section.8.9}{\376\377\0008\000.\0009\000\040\000R\000a\000n\000g\000e\000\040\000S\000t\000r\000u\000c\000t\000\040\000R\000e\000f\000e\000r\000e\000n\000c\000e}{chapter.8}% 139
\BOOKMARK [2][-]{subsection.8.9.1}{\376\377\0008\000.\0009\000.\0001\000\040\000D\000e\000t\000a\000i\000l\000e\000d\000\040\000D\000e\000s\000c\000r\000i\000p\000t\000i\000o\000n}{section.8.9}% 140
\BOOKMARK [2][-]{subsection.8.9.2}{\376\377\0008\000.\0009\000.\0002\000\040\000C\000o\000n\000s\000t\000r\000u\000c\000t\000o\000r\000\040\000\046\000\040\000D\000e\000s\000t\000r\000u\000c\000t\000o\000r\000\040\000D\000o\000c\000u\000m\000e\000n\000t\000a\000t\000i\000o\000n}{section.8.9}% 141
\BOOKMARK [3][-]{subsubsection.8.9.2.1}{\376\377\0008\000.\0009\000.\0002\000.\0001\000\040\000R\000a\000n\000g\000e\000\050\000\051}{subsection.8.9.2}% 142
\BOOKMARK [2][-]{subsection.8.9.3}{\376\377\0008\000.\0009\000.\0003\000\040\000M\000e\000m\000b\000e\000r\000\040\000D\000a\000t\000a\000\040\000D\000o\000c\000u\000m\000e\000n\000t\000a\000t\000i\000o\000n}{section.8.9}% 143
\BOOKMARK [3][-]{subsubsection.8.9.3.1}{\376\377\0008\000.\0009\000.\0003\000.\0001\000\040\000e\000n\000d}{subsection.8.9.3}% 144
\BOOKMARK [3][-]{subsubsection.8.9.3.2}{\376\377\0008\000.\0009\000.\0003\000.\0002\000\040\000s\000t\000a\000r\000t}{subsection.8.9.3}% 145
\BOOKMARK [1][-]{section.8.10}{\376\377\0008\000.\0001\0000\000\040\000R\000a\000n\000g\000e\000s\000\040\000C\000l\000a\000s\000s\000\040\000R\000e\000f\000e\000r\000e\000n\000c\000e}{chapter.8}% 146
\BOOKMARK [2][-]{subsection.8.10.1}{\376\377\0008\000.\0001\0000\000.\0001\000\040\000D\000e\000t\000a\000i\000l\000e\000d\000\040\000D\000e\000s\000c\000r\000i\000p\000t\000i\000o\000n}{section.8.10}% 147
\BOOKMARK [2][-]{subsection.8.10.2}{\376\377\0008\000.\0001\0000\000.\0002\000\040\000C\000o\000n\000s\000t\000r\000u\000c\000t\000o\000r\000\040\000\046\000\040\000D\000e\000s\000t\000r\000u\000c\000t\000o\000r\000\040\000D\000o\000c\000u\000m\000e\000n\000t\000a\000t\000i\000o\000n}{section.8.10}% 148
\BOOKMARK [3][-]{subsubsection.8.10.2.1}{\376\377\0008\000.\0001\0000\000.\0002\000.\0001\000\040\000R\000a\000n\000g\000e\000s\000\050\000\051}{subsection.8.10.2}% 149
\BOOKMARK [2][-]{subsection.8.10.3}{\376\377\0008\000.\0001\0000\000.\0003\000\040\000M\000e\000m\000b\000e\000r\000\040\000F\000u\000n\000c\000t\000i\000o\000n\000\040\000D\000o\000c\000u\000m\000e\000n\000t\000a\000t\000i\000o\000n}{section.8.10}% 150
\BOOKMARK [3][-]{subsubsection.8.10.3.1}{\376\377\0008\000.\0001\0000\000.\0003\000.\0001\000\040\000a\000d\000d\000\050\000\051}{subsection.8.10.3}% 151
\BOOKMARK [3][-]{subsubsection.8.10.3.2}{\376\377\0008\000.\0001\0000\000.\0003\000.\0002\000\040\000b\000e\000g\000i\000n\000\050\000\051}{subsection.8.10.3}% 152
\BOOKMARK [3][-]{subsubsection.8.10.3.3}{\376\377\0008\000.\0001\0000\000.\0003\000.\0003\000\040\000e\000n\000d\000\050\000\051}{subsection.8.10.3}% 153
\BOOKMARK [3][-]{subsubsection.8.10.3.4}{\376\377\0008\000.\0001\0000\000.\0003\000.\0004\000\040\000s\000i\000z\000e\000\050\000\051}{subsection.8.10.3}% 154
\BOOKMARK [1][-]{section.8.11}{\376\377\0008\000.\0001\0001\000\040\000G\000u\000t\000m\000a\000n\000:\000:\000R\000e\000c\000t\000a\000n\000g\000l\000e\000\040\000S\000t\000r\000u\000c\000t\000\040\000R\000e\000f\000e\000r\000e\000n\000c\000e}{chapter.8}% 155
\BOOKMARK [2][-]{subsection.8.11.1}{\376\377\0008\000.\0001\0001\000.\0001\000\040\000D\000e\000t\000a\000i\000l\000e\000d\000\040\000D\000e\000s\000c\000r\000i\000p\000t\000i\000o\000n}{section.8.11}% 156
\BOOKMARK [2][-]{subsection.8.11.2}{\376\377\0008\000.\0001\0001\000.\0002\000\040\000C\000o\000n\000s\000t\000r\000u\000c\000t\000o\000r\000\040\000\046\000\040\000D\000e\000s\000t\000r\000u\000c\000t\000o\000r\000\040\000D\000o\000c\000u\000m\000e\000n\000t\000a\000t\000i\000o\000n}{section.8.11}% 157
\BOOKMARK [3][-]{subsubsection.8.11.2.1}{\376\377\0008\000.\0001\0001\000.\0002\000.\0001\000\040\000R\000e\000c\000t\000a\000n\000g\000l\000e\000\050\000\051}{subsection.8.11.2}% 158
\BOOKMARK [2][-]{subsection.8.11.3}{\376\377\0008\000.\0001\0001\000.\0003\000\040\000M\000e\000m\000b\000e\000r\000\040\000F\000u\000n\000c\000t\000i\000o\000n\000\040\000D\000o\000c\000u\000m\000e\000n\000t\000a\000t\000i\000o\000n}{section.8.11}% 159
\BOOKMARK [3][-]{subsubsection.8.11.3.1}{\376\377\0008\000.\0001\0001\000.\0003\000.\0001\000\040\000a\000r\000e\000a\000\050\000\051}{subsection.8.11.3}% 160
\BOOKMARK [3][-]{subsubsection.8.11.3.2}{\376\377\0008\000.\0001\0001\000.\0003\000.\0002\000\040\000c\000a\000l\000c\000\137\000m\000b\000r\000\050\000\051\000\040\000[\0001\000/\0002\000]}{subsection.8.11.3}% 161
\BOOKMARK [3][-]{subsubsection.8.11.3.3}{\376\377\0008\000.\0001\0001\000.\0003\000.\0003\000\040\000c\000a\000l\000c\000\137\000m\000b\000r\000\050\000\051\000\040\000[\0002\000/\0002\000]}{subsection.8.11.3}% 162
\BOOKMARK [3][-]{subsubsection.8.11.3.4}{\376\377\0008\000.\0001\0001\000.\0003\000.\0004\000\040\000c\000a\000l\000c\000\137\000m\000b\000r\000\137\000a\000r\000e\000a\000\050\000\051}{subsection.8.11.3}% 163
\BOOKMARK [3][-]{subsubsection.8.11.3.5}{\376\377\0008\000.\0001\0001\000.\0003\000.\0005\000\040\000c\000o\000n\000t\000a\000i\000n\000s\000\050\000\051}{subsection.8.11.3}% 164
\BOOKMARK [3][-]{subsubsection.8.11.3.6}{\376\377\0008\000.\0001\0001\000.\0003\000.\0006\000\040\000e\000n\000l\000a\000r\000g\000e\000m\000e\000n\000t\000\137\000n\000e\000e\000d\000e\000d\000\050\000\051}{subsection.8.11.3}% 165
\BOOKMARK [3][-]{subsubsection.8.11.3.7}{\376\377\0008\000.\0001\0001\000.\0003\000.\0007\000\040\000e\000q\000u\000a\000l\000\050\000\051}{subsection.8.11.3}% 166
\BOOKMARK [3][-]{subsubsection.8.11.3.8}{\376\377\0008\000.\0001\0001\000.\0003\000.\0008\000\040\000o\000v\000e\000r\000l\000a\000p\000\050\000\051}{subsection.8.11.3}% 167
\BOOKMARK [3][-]{subsubsection.8.11.3.9}{\376\377\0008\000.\0001\0001\000.\0003\000.\0009\000\040\000v\000e\000c\000\137\000e\000q\000u\000a\000l\000\050\000\051}{subsection.8.11.3}% 168
\BOOKMARK [2][-]{subsection.8.11.4}{\376\377\0008\000.\0001\0001\000.\0004\000\040\000M\000e\000m\000b\000e\000r\000\040\000D\000a\000t\000a\000\040\000D\000o\000c\000u\000m\000e\000n\000t\000a\000t\000i\000o\000n}{section.8.11}% 169
\BOOKMARK [3][-]{subsubsection.8.11.4.1}{\376\377\0008\000.\0001\0001\000.\0004\000.\0001\000\040\000m\000a\000x}{subsection.8.11.4}% 170
\BOOKMARK [3][-]{subsubsection.8.11.4.2}{\376\377\0008\000.\0001\0001\000.\0004\000.\0002\000\040\000m\000i\000n}{subsection.8.11.4}% 171
\BOOKMARK [1][-]{section.8.12}{\376\377\0008\000.\0001\0002\000\040\000h\000i\000l\000b\000e\000r\000t\000:\000:\000R\000e\000c\000t\000a\000n\000g\000l\000e\000\040\000S\000t\000r\000u\000c\000t\000\040\000R\000e\000f\000e\000r\000e\000n\000c\000e}{chapter.8}% 172
\BOOKMARK [2][-]{subsection.8.12.1}{\376\377\0008\000.\0001\0002\000.\0001\000\040\000D\000e\000t\000a\000i\000l\000e\000d\000\040\000D\000e\000s\000c\000r\000i\000p\000t\000i\000o\000n}{section.8.12}% 173
\BOOKMARK [2][-]{subsection.8.12.2}{\376\377\0008\000.\0001\0002\000.\0002\000\040\000C\000o\000n\000s\000t\000r\000u\000c\000t\000o\000r\000\040\000\046\000\040\000D\000e\000s\000t\000r\000u\000c\000t\000o\000r\000\040\000D\000o\000c\000u\000m\000e\000n\000t\000a\000t\000i\000o\000n}{section.8.12}% 174
\BOOKMARK [3][-]{subsubsection.8.12.2.1}{\376\377\0008\000.\0001\0002\000.\0002\000.\0001\000\040\000R\000e\000c\000t\000a\000n\000g\000l\000e\000\050\000\051}{subsection.8.12.2}% 175
\BOOKMARK [2][-]{subsection.8.12.3}{\376\377\0008\000.\0001\0002\000.\0003\000\040\000M\000e\000m\000b\000e\000r\000\040\000F\000u\000n\000c\000t\000i\000o\000n\000\040\000D\000o\000c\000u\000m\000e\000n\000t\000a\000t\000i\000o\000n}{section.8.12}% 176
\BOOKMARK [3][-]{subsubsection.8.12.3.1}{\376\377\0008\000.\0001\0002\000.\0003\000.\0001\000\040\000c\000o\000n\000t\000a\000i\000n\000s\000\050\000\051}{subsection.8.12.3}% 177
\BOOKMARK [3][-]{subsubsection.8.12.3.2}{\376\377\0008\000.\0001\0002\000.\0003\000.\0002\000\040\000g\000e\000t\000\137\000c\000e\000n\000t\000e\000r\000\050\000\051}{subsection.8.12.3}% 178
\BOOKMARK [3][-]{subsubsection.8.12.3.3}{\376\377\0008\000.\0001\0002\000.\0003\000.\0003\000\040\000g\000e\000t\000\137\000l\000o\000w\000e\000r\000\050\000\051}{subsection.8.12.3}% 179
\BOOKMARK [3][-]{subsubsection.8.12.3.4}{\376\377\0008\000.\0001\0002\000.\0003\000.\0004\000\040\000g\000e\000t\000\137\000u\000p\000p\000e\000r\000\050\000\051}{subsection.8.12.3}% 180
\BOOKMARK [3][-]{subsubsection.8.12.3.5}{\376\377\0008\000.\0001\0002\000.\0003\000.\0005\000\040\000i\000n\000t\000e\000r\000s\000e\000c\000t\000s\000\050\000\051}{subsection.8.12.3}% 181
\BOOKMARK [3][-]{subsubsection.8.12.3.6}{\376\377\0008\000.\0001\0002\000.\0003\000.\0006\000\040\000o\000p\000e\000r\000a\000t\000o\000r\000=\000=\000\050\000\051}{subsection.8.12.3}% 182
\BOOKMARK [2][-]{subsection.8.12.4}{\376\377\0008\000.\0001\0002\000.\0004\000\040\000M\000e\000m\000b\000e\000r\000\040\000D\000a\000t\000a\000\040\000D\000o\000c\000u\000m\000e\000n\000t\000a\000t\000i\000o\000n}{section.8.12}% 183
\BOOKMARK [3][-]{subsubsection.8.12.4.1}{\376\377\0008\000.\0001\0002\000.\0004\000.\0001\000\040\000h\000i\000g\000h\000e\000r}{subsection.8.12.4}% 184
\BOOKMARK [3][-]{subsubsection.8.12.4.2}{\376\377\0008\000.\0001\0002\000.\0004\000.\0002\000\040\000l\000o\000w\000e\000r}{subsection.8.12.4}% 185
\BOOKMARK [1][-]{section.8.13}{\376\377\0008\000.\0001\0003\000\040\000G\000u\000t\000m\000a\000n\000:\000:\000R\000T\000r\000e\000e\000<\000\040\000T\000\040\000>\000\040\000C\000l\000a\000s\000s\000\040\000T\000e\000m\000p\000l\000a\000t\000e\000\040\000R\000e\000f\000e\000r\000e\000n\000c\000e}{chapter.8}% 186
\BOOKMARK [2][-]{subsection.8.13.1}{\376\377\0008\000.\0001\0003\000.\0001\000\040\000D\000e\000t\000a\000i\000l\000e\000d\000\040\000D\000e\000s\000c\000r\000i\000p\000t\000i\000o\000n}{section.8.13}% 187
\BOOKMARK [2][-]{subsection.8.13.2}{\376\377\0008\000.\0001\0003\000.\0002\000\040\000C\000o\000n\000s\000t\000r\000u\000c\000t\000o\000r\000\040\000\046\000\040\000D\000e\000s\000t\000r\000u\000c\000t\000o\000r\000\040\000D\000o\000c\000u\000m\000e\000n\000t\000a\000t\000i\000o\000n}{section.8.13}% 188
\BOOKMARK [3][-]{subsubsection.8.13.2.1}{\376\377\0008\000.\0001\0003\000.\0002\000.\0001\000\040\000R\000T\000r\000e\000e\000\050\000\051}{subsection.8.13.2}% 189
\BOOKMARK [3][-]{subsubsection.8.13.2.2}{\376\377\0008\000.\0001\0003\000.\0002\000.\0002\000\040\000~\000R\000T\000r\000e\000e\000\050\000\051}{subsection.8.13.2}% 190
\BOOKMARK [2][-]{subsection.8.13.3}{\376\377\0008\000.\0001\0003\000.\0003\000\040\000M\000e\000m\000b\000e\000r\000\040\000F\000u\000n\000c\000t\000i\000o\000n\000\040\000D\000o\000c\000u\000m\000e\000n\000t\000a\000t\000i\000o\000n}{section.8.13}% 191
\BOOKMARK [3][-]{subsubsection.8.13.3.1}{\376\377\0008\000.\0001\0003\000.\0003\000.\0001\000\040\000i\000n\000s\000e\000r\000t\000\050\000\051}{subsection.8.13.3}% 192
\BOOKMARK [3][-]{subsubsection.8.13.3.2}{\376\377\0008\000.\0001\0003\000.\0003\000.\0002\000\040\000r\000e\000m\000o\000v\000e\000\050\000\051}{subsection.8.13.3}% 193
\BOOKMARK [3][-]{subsubsection.8.13.3.3}{\376\377\0008\000.\0001\0003\000.\0003\000.\0003\000\040\000s\000e\000a\000r\000c\000h\000\050\000\051}{subsection.8.13.3}% 194
\BOOKMARK [3][-]{subsubsection.8.13.3.4}{\376\377\0008\000.\0001\0003\000.\0003\000.\0004\000\040\000u\000p\000d\000a\000t\000e\000\050\000\051}{subsection.8.13.3}% 195
\BOOKMARK [1][-]{section.8.14}{\376\377\0008\000.\0001\0004\000\040\000h\000i\000l\000b\000e\000r\000t\000:\000:\000R\000T\000r\000e\000e\000<\000\040\000T\000\040\000>\000\040\000C\000l\000a\000s\000s\000\040\000T\000e\000m\000p\000l\000a\000t\000e\000\040\000R\000e\000f\000e\000r\000e\000n\000c\000e}{chapter.8}% 196
\BOOKMARK [2][-]{subsection.8.14.1}{\376\377\0008\000.\0001\0004\000.\0001\000\040\000D\000e\000t\000a\000i\000l\000e\000d\000\040\000D\000e\000s\000c\000r\000i\000p\000t\000i\000o\000n}{section.8.14}% 197
\BOOKMARK [2][-]{subsection.8.14.2}{\376\377\0008\000.\0001\0004\000.\0002\000\040\000C\000o\000n\000s\000t\000r\000u\000c\000t\000o\000r\000\040\000\046\000\040\000D\000e\000s\000t\000r\000u\000c\000t\000o\000r\000\040\000D\000o\000c\000u\000m\000e\000n\000t\000a\000t\000i\000o\000n}{section.8.14}% 198
\BOOKMARK [3][-]{subsubsection.8.14.2.1}{\376\377\0008\000.\0001\0004\000.\0002\000.\0001\000\040\000R\000T\000r\000e\000e\000\050\000\051}{subsection.8.14.2}% 199
\BOOKMARK [3][-]{subsubsection.8.14.2.2}{\376\377\0008\000.\0001\0004\000.\0002\000.\0002\000\040\000~\000R\000T\000r\000e\000e\000\050\000\051}{subsection.8.14.2}% 200
\BOOKMARK [2][-]{subsection.8.14.3}{\376\377\0008\000.\0001\0004\000.\0003\000\040\000M\000e\000m\000b\000e\000r\000\040\000F\000u\000n\000c\000t\000i\000o\000n\000\040\000D\000o\000c\000u\000m\000e\000n\000t\000a\000t\000i\000o\000n}{section.8.14}% 201
\BOOKMARK [3][-]{subsubsection.8.14.3.1}{\376\377\0008\000.\0001\0004\000.\0003\000.\0001\000\040\000i\000n\000s\000e\000r\000t\000\050\000\051}{subsection.8.14.3}% 202
\BOOKMARK [3][-]{subsubsection.8.14.3.2}{\376\377\0008\000.\0001\0004\000.\0003\000.\0002\000\040\000r\000e\000m\000o\000v\000e\000\050\000\051}{subsection.8.14.3}% 203
\BOOKMARK [3][-]{subsubsection.8.14.3.3}{\376\377\0008\000.\0001\0004\000.\0003\000.\0003\000\040\000s\000e\000a\000r\000c\000h\000\050\000\051}{subsection.8.14.3}% 204
\BOOKMARK [1][-]{section.8.15}{\376\377\0008\000.\0001\0005\000\040\000R\000T\000r\000e\000e\000T\000e\000s\000t\000\040\000C\000l\000a\000s\000s\000\040\000R\000e\000f\000e\000r\000e\000n\000c\000e}{chapter.8}% 205
\BOOKMARK [2][-]{subsection.8.15.1}{\376\377\0008\000.\0001\0005\000.\0001\000\040\000M\000e\000m\000b\000e\000r\000\040\000F\000u\000n\000c\000t\000i\000o\000n\000\040\000D\000o\000c\000u\000m\000e\000n\000t\000a\000t\000i\000o\000n}{section.8.15}% 206
\BOOKMARK [3][-]{subsubsection.8.15.1.1}{\376\377\0008\000.\0001\0005\000.\0001\000.\0001\000\040\000a\000s\000s\000e\000r\000t\000\137\000t\000r\000u\000e\000\050\000\051}{subsection.8.15.1}% 207
\BOOKMARK [3][-]{subsubsection.8.15.1.2}{\376\377\0008\000.\0001\0005\000.\0001\000.\0002\000\040\000p\000r\000i\000n\000t\000\137\000s\000u\000m\000m\000a\000r\000y\000\050\000\051}{subsection.8.15.1}% 208
\BOOKMARK [3][-]{subsubsection.8.15.1.3}{\376\377\0008\000.\0001\0005\000.\0001\000.\0003\000\040\000r\000u\000n\000\137\000a\000l\000l\000\137\000t\000e\000s\000t\000s\000\050\000\051}{subsection.8.15.1}% 209
\BOOKMARK [3][-]{subsubsection.8.15.1.4}{\376\377\0008\000.\0001\0005\000.\0001\000.\0004\000\040\000t\000e\000s\000t\000\137\0003\000d\000\137\000r\000e\000c\000t\000a\000n\000g\000l\000e\000s\000\050\000\051}{subsection.8.15.1}% 210
\BOOKMARK [3][-]{subsubsection.8.15.1.5}{\376\377\0008\000.\0001\0005\000.\0001\000.\0005\000\040\000t\000e\000s\000t\000\137\000d\000e\000e\000p\000\137\000t\000r\000e\000e\000\137\000w\000i\000t\000h\000\137\000c\000o\000n\000d\000e\000n\000s\000e\000\050\000\051}{subsection.8.15.1}% 211
\BOOKMARK [3][-]{subsubsection.8.15.1.6}{\376\377\0008\000.\0001\0005\000.\0001\000.\0006\000\040\000t\000e\000s\000t\000\137\000d\000e\000e\000p\000\137\000t\000r\000e\000e\000\137\000w\000i\000t\000h\000\137\000e\000x\000t\000r\000e\000m\000e\000\137\000c\000o\000n\000d\000e\000n\000s\000e\000\050\000\051}{subsection.8.15.1}% 212
\BOOKMARK [3][-]{subsubsection.8.15.1.7}{\376\377\0008\000.\0001\0005\000.\0001\000.\0007\000\040\000t\000e\000s\000t\000\137\000d\000e\000l\000e\000t\000e\000\137\000a\000n\000d\000\137\000r\000e\000i\000n\000s\000e\000r\000t\000\050\000\051}{subsection.8.15.1}% 213
\BOOKMARK [3][-]{subsubsection.8.15.1.8}{\376\377\0008\000.\0001\0005\000.\0001\000.\0008\000\040\000t\000e\000s\000t\000\137\000d\000e\000l\000e\000t\000e\000\137\000e\000v\000e\000r\000y\000\137\000o\000t\000h\000e\000r\000\137\000e\000l\000e\000m\000e\000n\000t\000\050\000\051}{subsection.8.15.1}% 214
\BOOKMARK [3][-]{subsubsection.8.15.1.9}{\376\377\0008\000.\0001\0005\000.\0001\000.\0009\000\040\000t\000e\000s\000t\000\137\000d\000e\000l\000e\000t\000e\000\137\000f\000r\000o\000m\000\137\000m\000u\000l\000t\000i\000p\000l\000e\000\050\000\051}{subsection.8.15.1}% 215
\BOOKMARK [3][-]{subsubsection.8.15.1.10}{\376\377\0008\000.\0001\0005\000.\0001\000.\0001\0000\000\040\000t\000e\000s\000t\000\137\000d\000e\000l\000e\000t\000e\000\137\000f\000r\000o\000m\000\137\000s\000i\000n\000g\000l\000e\000\137\000e\000l\000e\000m\000e\000n\000t\000\137\000t\000r\000e\000e\000\050\000\051}{subsection.8.15.1}% 216
\BOOKMARK [3][-]{subsubsection.8.15.1.11}{\376\377\0008\000.\0001\0005\000.\0001\000.\0001\0001\000\040\000t\000e\000s\000t\000\137\000d\000e\000l\000e\000t\000e\000\137\000m\000u\000l\000t\000i\000p\000l\000e\000\137\000s\000e\000q\000u\000e\000n\000t\000i\000a\000l\000\050\000\051}{subsection.8.15.1}% 217
\BOOKMARK [3][-]{subsubsection.8.15.1.12}{\376\377\0008\000.\0001\0005\000.\0001\000.\0001\0002\000\040\000t\000e\000s\000t\000\137\000d\000e\000l\000e\000t\000e\000\137\000n\000o\000n\000e\000x\000i\000s\000t\000e\000n\000t\000\050\000\051}{subsection.8.15.1}% 218
\BOOKMARK [3][-]{subsubsection.8.15.1.13}{\376\377\0008\000.\0001\0005\000.\0001\000.\0001\0003\000\040\000t\000e\000s\000t\000\137\000d\000e\000l\000e\000t\000e\000\137\000s\000i\000n\000g\000l\000e\000\137\000e\000l\000e\000m\000e\000n\000t\000\050\000\051}{subsection.8.15.1}% 219
\BOOKMARK [3][-]{subsubsection.8.15.1.14}{\376\377\0008\000.\0001\0005\000.\0001\000.\0001\0004\000\040\000t\000e\000s\000t\000\137\000e\000x\000t\000r\000a\000\137\000d\000e\000l\000e\000t\000e\000\137\000a\000n\000d\000\137\000r\000e\000i\000n\000s\000e\000r\000t\000\050\000\051}{subsection.8.15.1}% 220
\BOOKMARK [3][-]{subsubsection.8.15.1.15}{\376\377\0008\000.\0001\0005\000.\0001\000.\0001\0005\000\040\000t\000e\000s\000t\000\137\000h\000i\000g\000h\000\137\000d\000i\000m\000e\000n\000s\000i\000o\000n\000a\000l\000\050\000\051}{subsection.8.15.1}% 221
\BOOKMARK [3][-]{subsubsection.8.15.1.16}{\376\377\0008\000.\0001\0005\000.\0001\000.\0001\0006\000\040\000t\000e\000s\000t\000\137\000i\000n\000s\000e\000r\000t\000\137\000a\000n\000d\000\137\000s\000e\000a\000r\000c\000h\000\137\000l\000a\000r\000g\000e\000\137\000d\000a\000t\000a\000s\000e\000t\000\050\000\051}{subsection.8.15.1}% 222
\BOOKMARK [3][-]{subsubsection.8.15.1.17}{\376\377\0008\000.\0001\0005\000.\0001\000.\0001\0007\000\040\000t\000e\000s\000t\000\137\000i\000n\000s\000e\000r\000t\000\137\000i\000d\000e\000n\000t\000i\000c\000a\000l\000\137\000r\000e\000c\000t\000a\000n\000g\000l\000e\000s\000\050\000\051}{subsection.8.15.1}% 223
\BOOKMARK [3][-]{subsubsection.8.15.1.18}{\376\377\0008\000.\0001\0005\000.\0001\000.\0001\0008\000\040\000t\000e\000s\000t\000\137\000i\000n\000s\000e\000r\000t\000\137\000m\000u\000l\000t\000i\000p\000l\000e\000\137\000e\000l\000e\000m\000e\000n\000t\000s\000\050\000\051}{subsection.8.15.1}% 224
\BOOKMARK [3][-]{subsubsection.8.15.1.19}{\376\377\0008\000.\0001\0005\000.\0001\000.\0001\0009\000\040\000t\000e\000s\000t\000\137\000i\000n\000s\000e\000r\000t\000\137\000o\000v\000e\000r\000l\000a\000p\000p\000i\000n\000g\000\137\000r\000e\000c\000t\000a\000n\000g\000l\000e\000s\000\050\000\051}{subsection.8.15.1}% 225
\BOOKMARK [3][-]{subsubsection.8.15.1.20}{\376\377\0008\000.\0001\0005\000.\0001\000.\0002\0000\000\040\000t\000e\000s\000t\000\137\000i\000n\000s\000e\000r\000t\000\137\000s\000i\000n\000g\000l\000e\000\137\000e\000l\000e\000m\000e\000n\000t\000\050\000\051}{subsection.8.15.1}% 226
\BOOKMARK [3][-]{subsubsection.8.15.1.21}{\376\377\0008\000.\0001\0005\000.\0001\000.\0002\0001\000\040\000t\000e\000s\000t\000\137\000i\000n\000s\000e\000r\000t\000\137\000t\000r\000i\000g\000g\000e\000r\000\137\000s\000p\000l\000i\000t\000\050\000\051}{subsection.8.15.1}% 227
\BOOKMARK [3][-]{subsubsection.8.15.1.22}{\376\377\0008\000.\0001\0005\000.\0001\000.\0002\0002\000\040\000t\000e\000s\000t\000\137\000m\000a\000s\000s\000i\000v\000e\000\137\000d\000e\000l\000e\000t\000e\000\137\000a\000n\000d\000\137\000r\000e\000i\000n\000s\000e\000r\000t\000\050\000\051}{subsection.8.15.1}% 228
\BOOKMARK [3][-]{subsubsection.8.15.1.23}{\376\377\0008\000.\0001\0005\000.\0001\000.\0002\0003\000\040\000t\000e\000s\000t\000\137\000m\000i\000x\000e\000d\000\137\000i\000n\000s\000e\000r\000t\000\137\000d\000e\000l\000e\000t\000e\000\137\000o\000p\000e\000r\000a\000t\000i\000o\000n\000s\000\050\000\051}{subsection.8.15.1}% 229
\BOOKMARK [3][-]{subsubsection.8.15.1.24}{\376\377\0008\000.\0001\0005\000.\0001\000.\0002\0004\000\040\000t\000e\000s\000t\000\137\000s\000e\000a\000r\000c\000h\000\137\000e\000m\000p\000t\000y\000\137\000t\000r\000e\000e\000\050\000\051}{subsection.8.15.1}% 230
\BOOKMARK [3][-]{subsubsection.8.15.1.25}{\376\377\0008\000.\0001\0005\000.\0001\000.\0002\0005\000\040\000t\000e\000s\000t\000\137\000s\000e\000a\000r\000c\000h\000\137\000n\000o\000\137\000o\000v\000e\000r\000l\000a\000p\000\050\000\051}{subsection.8.15.1}% 231
\BOOKMARK [3][-]{subsubsection.8.15.1.26}{\376\377\0008\000.\0001\0005\000.\0001\000.\0002\0006\000\040\000t\000e\000s\000t\000\137\000s\000e\000a\000r\000c\000h\000\137\000p\000a\000r\000t\000i\000a\000l\000\137\000o\000v\000e\000r\000l\000a\000p\000\050\000\051}{subsection.8.15.1}% 232
\BOOKMARK [3][-]{subsubsection.8.15.1.27}{\376\377\0008\000.\0001\0005\000.\0001\000.\0002\0007\000\040\000t\000e\000s\000t\000\137\000s\000e\000a\000r\000c\000h\000\137\000p\000o\000i\000n\000t\000\137\000q\000u\000e\000r\000y\000\050\000\051}{subsection.8.15.1}% 233
\BOOKMARK [3][-]{subsubsection.8.15.1.28}{\376\377\0008\000.\0001\0005\000.\0001\000.\0002\0008\000\040\000t\000e\000s\000t\000\137\000s\000e\000a\000r\000c\000h\000\137\000w\000i\000t\000h\000\137\000e\000x\000a\000c\000t\000\137\000b\000o\000u\000n\000d\000a\000r\000i\000e\000s\000\050\000\051}{subsection.8.15.1}% 234
\BOOKMARK [3][-]{subsubsection.8.15.1.29}{\376\377\0008\000.\0001\0005\000.\0001\000.\0002\0009\000\040\000t\000e\000s\000t\000\137\000s\000t\000r\000e\000s\000s\000\137\000t\000e\000s\000t\000\137\000s\000p\000l\000i\000t\000s\000\050\000\051}{subsection.8.15.1}% 235
\BOOKMARK [3][-]{subsubsection.8.15.1.30}{\376\377\0008\000.\0001\0005\000.\0001\000.\0003\0000\000\040\000t\000e\000s\000t\000\137\000z\000e\000r\000o\000\137\000a\000r\000e\000a\000\137\000r\000e\000c\000t\000a\000n\000g\000l\000e\000\050\000\051}{subsection.8.15.1}% 236
\BOOKMARK [0][-]{chapter.9}{\376\377\0009\000\040\000F\000i\000l\000e\000\040\000D\000o\000c\000u\000m\000e\000n\000t\000a\000t\000i\000o\000n}{}% 237
\BOOKMARK [1][-]{section.9.1}{\376\377\0009\000.\0001\000\040\000s\000r\000c\000/\000m\000a\000i\000n\000.\000c\000p\000p\000\040\000F\000i\000l\000e\000\040\000R\000e\000f\000e\000r\000e\000n\000c\000e}{chapter.9}% 238
\BOOKMARK [2][-]{subsection.9.1.1}{\376\377\0009\000.\0001\000.\0001\000\040\000T\000y\000p\000e\000d\000e\000f\000\040\000D\000o\000c\000u\000m\000e\000n\000t\000a\000t\000i\000o\000n}{section.9.1}% 239
\BOOKMARK [3][-]{subsubsection.9.1.1.1}{\376\377\0009\000.\0001\000.\0001\000.\0001\000\040\000R\000e\000c\000t\000a\000n\000g\000l\000e}{subsection.9.1.1}% 240
\BOOKMARK [2][-]{subsection.9.1.2}{\376\377\0009\000.\0001\000.\0002\000\040\000F\000u\000n\000c\000t\000i\000o\000n\000\040\000D\000o\000c\000u\000m\000e\000n\000t\000a\000t\000i\000o\000n}{section.9.1}% 241
\BOOKMARK [3][-]{subsubsection.9.1.2.1}{\376\377\0009\000.\0001\000.\0002\000.\0001\000\040\000m\000a\000i\000n\000\050\000\051}{subsection.9.1.2}% 242
\BOOKMARK [3][-]{subsubsection.9.1.2.2}{\376\377\0009\000.\0001\000.\0002\000.\0002\000\040\000m\000a\000k\000e\000R\000e\000c\000t\000\050\000\051}{subsection.9.1.2}% 243
\BOOKMARK [1][-]{section.9.2}{\376\377\0009\000.\0002\000\040\000s\000r\000c\000/\000r\000t\000r\000e\000e\000/\000r\000t\000r\000e\000e\000.\000c\000p\000p\000\040\000F\000i\000l\000e\000\040\000R\000e\000f\000e\000r\000e\000n\000c\000e}{chapter.9}% 244
\BOOKMARK [1][-]{section.9.3}{\376\377\0009\000.\0003\000\040\000s\000r\000c\000/\000r\000t\000r\000e\000e\000/\000r\000t\000r\000e\000e\000.\000h\000\040\000F\000i\000l\000e\000\040\000R\000e\000f\000e\000r\000e\000n\000c\000e}{chapter.9}% 245
\BOOKMARK [1][-]{section.9.4}{\376\377\0009\000.\0004\000\040\000r\000t\000r\000e\000e\000.\000h}{chapter.9}% 246
\BOOKMARK [1][-]{section.9.5}{\376\377\0009\000.\0005\000\040\000s\000r\000c\000/\000r\000t\000r\000e\000e\000\137\000h\000i\000l\000b\000e\000r\000t\000/\000b\000o\000x\000.\000h\000\040\000F\000i\000l\000e\000\040\000R\000e\000f\000e\000r\000e\000n\000c\000e}{chapter.9}% 247
\BOOKMARK [1][-]{section.9.6}{\376\377\0009\000.\0006\000\040\000b\000o\000x\000.\000h}{chapter.9}% 248
\BOOKMARK [1][-]{section.9.7}{\376\377\0009\000.\0007\000\040\000s\000r\000c\000/\000r\000t\000r\000e\000e\000\137\000h\000i\000l\000b\000e\000r\000t\000/\000h\000i\000l\000b\000e\000r\000t\000\137\000c\000u\000r\000v\000e\000.\000c\000p\000p\000\040\000F\000i\000l\000e\000\040\000R\000e\000f\000e\000r\000e\000n\000c\000e}{chapter.9}% 249
\BOOKMARK [2][-]{subsection.9.7.1}{\376\377\0009\000.\0007\000.\0001\000\040\000T\000y\000p\000e\000d\000e\000f\000\040\000D\000o\000c\000u\000m\000e\000n\000t\000a\000t\000i\000o\000n}{section.9.7}% 250
\BOOKMARK [3][-]{subsubsection.9.7.1.1}{\376\377\0009\000.\0007\000.\0001\000.\0001\000\040\000P\000o\000i\000n\000t}{subsection.9.7.1}% 251
\BOOKMARK [1][-]{section.9.8}{\376\377\0009\000.\0008\000\040\000s\000r\000c\000/\000r\000t\000r\000e\000e\000\137\000h\000i\000l\000b\000e\000r\000t\000/\000h\000i\000l\000b\000e\000r\000t\000\137\000c\000u\000r\000v\000e\000.\000h\000\040\000F\000i\000l\000e\000\040\000R\000e\000f\000e\000r\000e\000n\000c\000e}{chapter.9}% 252
\BOOKMARK [2][-]{subsection.9.8.1}{\376\377\0009\000.\0008\000.\0001\000\040\000T\000y\000p\000e\000d\000e\000f\000\040\000D\000o\000c\000u\000m\000e\000n\000t\000a\000t\000i\000o\000n}{section.9.8}% 253
\BOOKMARK [3][-]{subsubsection.9.8.1.1}{\376\377\0009\000.\0008\000.\0001\000.\0001\000\040\000P\000o\000i\000n\000t}{subsection.9.8.1}% 254
\BOOKMARK [1][-]{section.9.9}{\376\377\0009\000.\0009\000\040\000h\000i\000l\000b\000e\000r\000t\000\137\000c\000u\000r\000v\000e\000.\000h}{chapter.9}% 255
\BOOKMARK [1][-]{section.9.10}{\376\377\0009\000.\0001\0000\000\040\000s\000r\000c\000/\000r\000t\000r\000e\000e\000\137\000h\000i\000l\000b\000e\000r\000t\000/\000h\000i\000l\000b\000e\000r\000t\000\137\000r\000t\000r\000e\000e\000.\000h\000\040\000F\000i\000l\000e\000\040\000R\000e\000f\000e\000r\000e\000n\000c\000e}{chapter.9}% 256
\BOOKMARK [2][-]{subsection.9.10.1}{\376\377\0009\000.\0001\0000\000.\0001\000\040\000D\000e\000t\000a\000i\000l\000e\000d\000\040\000D\000e\000s\000c\000r\000i\000p\000t\000i\000o\000n}{section.9.10}% 257
\BOOKMARK [2][-]{subsection.9.10.2}{\376\377\0009\000.\0001\0000\000.\0002\000\040\000T\000y\000p\000e\000d\000e\000f\000\040\000D\000o\000c\000u\000m\000e\000n\000t\000a\000t\000i\000o\000n}{section.9.10}% 258
\BOOKMARK [3][-]{subsubsection.9.10.2.1}{\376\377\0009\000.\0001\0000\000.\0002\000.\0001\000\040\000P\000o\000i\000n\000t}{subsection.9.10.2}% 259
\BOOKMARK [1][-]{section.9.11}{\376\377\0009\000.\0001\0001\000\040\000h\000i\000l\000b\000e\000r\000t\000\137\000r\000t\000r\000e\000e\000.\000h}{chapter.9}% 260
\BOOKMARK [1][-]{section.9.12}{\376\377\0009\000.\0001\0002\000\040\000s\000r\000c\000/\000r\000t\000r\000e\000e\000\137\000h\000i\000l\000b\000e\000r\000t\000/\000r\000a\000n\000g\000e\000s\000.\000h\000\040\000F\000i\000l\000e\000\040\000R\000e\000f\000e\000r\000e\000n\000c\000e}{chapter.9}% 261
\BOOKMARK [1][-]{section.9.13}{\376\377\0009\000.\0001\0003\000\040\000r\000a\000n\000g\000e\000s\000.\000h}{chapter.9}% 262
